****************************************************************************************************                    
**             MIDAS/CIVIL V8.9.5 - Modeling, Integrated Design & Analysis Software               **                    
**                         GENERAL STRUCTURE DESIGN SYSTEM FOR WINDOWS                            **                    
****************************************************************************************************                    
                                                                                                                        
                                   ....xxxxxxxx*********xxxxxxxx......                                                  
                               xXXXXXX***''               ```***XXXXXXXXXXx.                                            
                           XXXXXXX                                   ``*XXXXXXXx.                                       
         XXXXXXXXXX      XXXXXXX XX                                        `*XXXXXX.                                    
         XXXXXXXXXXX    XXXXXX XXXX                                           `*XXXXX                                   
         XXXXXXXXXXXX  XXXXXX XXXXX  XXXXX  XXXXXXXXXXx        XXXXX      .XXXX.`XXXXX                                  
         XXXXXXXXXXXX::XXXXX XXXXXX  XXXXX  XXXXXXXXXXXX      XXXXXXX    :XXXXXX: XXXXX                                 
         XXXXXX XXXXX XXXXX: XXXXXX  XXXXX  XXXXX   xXXXX    :XXXXXXX:   XXXX:     XXXXX                                
         XXXXXX  XXXX XXXXX  XXXXXX  XXXXX  XXXXX    XXXXX  :XXXX:XXXX   XXXXXXXXX:                                     
         XXXXXX  XXX XXXXX:  XXXXXX  XXXXX  XXXXX    :XXXX  XXXXX XXXXX   :XXXXXXXXXX                                   
         XXXXXX  :XX XXXXX   XXXXXX  XXXXX  XXXXX    :XXXX :XXXX: :XXXX:    `:XXXXXXXX:                                 
         XXXXXX   XX XXXXX   XXXXXX  XXXXX  XXXXX    XXXXX XXXXX   XXXXX XXXX     XXXXX                                 
         XXXXXX   XX XXXXX   XXXXXX  XXXXX  XXXXX   xXXXX XXXXX:   :XXXXX:XXXX   .XXXX                                  
         XXXXXX   :XXXXXXX   XXXXXX  XXXXX  XXXXXXXXXXXX :XXXX:     XXXXX XXXXXXXXXXX:                                  
         XXXXXX    XXXXXXX   XXXXXX  XXXXX  XXXXXXXXXXx  XXXXX      :XXXXX `XXXXXXX'     /CIVIL                         
                                                                                                                        
         ----------------- PC WINDOWS XP/VISTA/7/8/10  VERSION. V8.9.5 ------------------                               
                                                                                                                        
                  Copyright ¨Ï SINCE 1989 MIDAS Information Technology Co., Ltd.                                        
                           ALL RIGHTS RESERVED MIDAS IT Co., Ltd.                                                       
                                                                                                                        
****************************************************************************************************                    
  
  
 -----------------------------------------S T A R T I N G       S O L U T I O N

 MULTI-FRONTAL SOLVER
 AVAILABLE MEMORY =   16.0 GBYTES

 INTERNAL DATA REGENERATION ( ENTRY REGEN_MODEL )

**  MIDAS/CIVIL WINDOWS VERSION 8.9.5                                DATE DEC/ 4/2023  TIME 14:52:15
**  Modeling, Integrated Design & Analysis Software              PC WINDOWS XP/VISTA/7/8/10 VERSION 
====================================================================================================
  
  
 N U M B E R I N G   E Q U A T I O N
 ===================================


 INFORMATION FOR EQUATION NUMBER
 -------------------------------

  SERIAL   NODE          EQUATION NUMBERS FOR EACH DEGREE OF FREEDOM
    NO.     NO.         X       Y        Z        XX       YY       ZZ
 -------  -------   -------- -------- -------- -------- -------- --------
      1    10100           1        2        3        4        5        6
      2    10101           7        8        9       10       11       12
      3    10102          13       14       15       16       17       18
      4    10103          19       20       21       22       23       24
      5    10104          25       26       27       28       29       30
      6    10105          31       32       33       34       35       36
      7    10106          37       38       39       40       41       42
      8    10107          43       44       45       46       47       48
      9    10108          49       50       51       52       53       54
     10    10109           0        0        0        0        0        0
     11    10110           0        0        0        0        0        0
     12    10200          55       56       57       58       59       60
     13    10201          61       62       63       64       65       66
     14    10202          67       68       69       70       71       72
     15    10203          73       74       75       76       77       78
     16    10204          79       80       81       82       83       84
     17    10205          85       86       87       88       89       90
     18    10206          91       92       93       94       95       96
     19    10207          97       98       99      100      101      102
     20    10208         103      104      105      106      107      108
     21    10209           0        0        0        0        0        0
     22    10210           0        0        0        0        0        0
     23    10300         109      110      111      112      113      114
     24    10301         115      116      117      118      119      120
     25    10302         121      122      123      124      125      126
     26    10303         127      128      129      130      131      132
     27    10304         133      134      135      136      137      138
     28    10305         139      140      141      142      143      144
     29    10306         145      146      147      148      149      150
     30    10307         151      152      153      154      155      156
     31    10308         157      158      159      160      161      162
     32    10309           0        0        0        0        0        0
     33    10310           0        0        0        0        0        0
     34    10400         163      164      165      166      167      168
     35    10401         169      170      171      172      173      174
     36    10402         175      176      177      178      179      180
     37    10403         181      182      183      184      185      186
     38    10404         187      188      189      190      191      192
     39    10405         193      194      195      196      197      198
     40    10406         199      200      201      202      203      204
     41    10407         205      206      207      208      209      210
     42    10408         211      212      213      214      215      216
     43    10409           0        0        0        0        0        0
     44    10410           0        0        0        0        0        0
     45    10500         217      218      219      220      221      222
     46    10501         223      224      225      226      227      228
     47    10502         229      230      231      232      233      234
     48    10503         235      236      237      238      239      240
     49    10504         241      242      243      244      245      246
     50    10505         247      248      249      250      251      252
     51    10506         253      254      255      256      257      258
     52    10507         259      260      261      262      263      264
     53    10508         265      266      267      268      269      270
     54    10509           0        0        0        0        0        0
     55    10510           0        0        0        0        0        0
     56    20100         271      272      273      274      275      276
     57    20101         277      278      279      280      281      282
     58    20102         283      284      285      286      287      288
     59    20103         289      290      291      292      293      294
     60    20104         295      296      297      298      299      300
     61    20105         301      302      303      304      305      306
     62    20106         307      308      309      310      311      312
     63    20107           0        0        0        0        0        0
     64    20108           0        0        0        0        0        0
     65    20200         313      314      315      316      317      318
     66    20201         319      320      321      322      323      324
     67    20202         325      326      327      328      329      330
     68    20203         331      332      333      334      335      336
     69    20204         337      338      339      340      341      342
     70    20205         343      344      345      346      347      348
     71    20206         349      350      351      352      353      354
     72    20207         355      356      357      358      359      360
     73    20208           0        0        0        0        0        0
     74    20300         361      362      363      364      365      366
     75    20301         367      368      369      370      371      372
     76    20302         373      374      375      376      377      378
     77    20303         379      380      381      382      383      384
     78    20304         385      386      387      388      389      390
     79    20305         391      392      393      394      395      396
     80    20306         397      398      399      400      401      402
     81    20307         403      404      405      406      407      408
     82    20308           0        0        0        0        0        0
     83    20400         409      410      411      412      413      414
     84    20401         415      416      417      418      419      420
     85    20402         421      422      423      424      425      426
     86    20403         427      428      429      430      431      432
     87    20404         433      434      435      436      437      438
     88    20405         439      440      441      442      443      444
     89    20406         445      446      447      448      449      450
     90    20407         451      452      453      454      455      456
     91    20408           0        0        0        0        0        0
     92    20500         457      458      459      460      461      462
     93    20501         463      464      465      466      467      468
     94    20502         469      470      471      472      473      474
     95    20503         475      476      477      478      479      480
     96    20504         481      482      483      484      485      486
     97    20505         487      488      489      490      491      492
     98    20506         493      494      495      496      497      498
     99    20507           0        0        0        0        0        0
    100    20508           0        0        0        0        0        0
    101    20600         499      500      501      502      503      504
    102    20601         505      506      507      508      509      510
    103    20602         511      512      513      514      515      516
    104    20603         517      518      519      520      521      522
    105    20604         523      524      525      526      527      528
    106    20605         529      530      531      532      533      534
    107    20606         535      536      537      538      539      540
    108    20607         541      542      543      544      545      546
    109    20608           0        0        0        0        0        0
    110    20700         547      548      549      550      551      552
    111    20701         553      554      555      556      557      558
    112    20702         559      560      561      562      563      564
    113    20703         565      566      567      568      569      570
    114    20704         571      572      573      574      575      576
    115    20705         577      578      579      580      581      582
    116    20706         583      584      585      586      587      588
    117    20707         589      590      591      592      593      594
    118    20708           0        0        0        0        0        0
    119    20800         595      596      597      598      599      600
    120    20801         601      602      603      604      605      606
    121    20802         607      608      609      610      611      612
    122    20803         613      614      615      616      617      618
    123    20804         619      620      621      622      623      624
    124    20805         625      626      627      628      629      630
    125    20806         631      632      633      634      635      636
    126    20807         637      638      639      640      641      642
    127    20808           0        0        0        0        0        0
    128    20900         643      644      645      646      647      648
    129    20901         649      650      651      652      653      654
    130    20902         655      656      657      658      659      660
    131    20903         661      662      663      664      665      666
    132    20904         667      668      669      670      671      672
    133    20905         673      674      675      676      677      678
    134    20906         679      680      681      682      683      684
    135    20907         685      686      687      688      689      690
    136    20908         691      692      693      694      695      696
    137    20909           0        0        0        0        0        0
    138    20910           0        0        0        0        0        0
    139    21000         697      698      699      700      701      702
    140    21001         703      704      705      706      707      708
    141    21002         709      710      711      712      713      714
    142    21003         715      716      717      718      719      720
    143    21004         721      722      723      724      725      726
    144    21005         727      728      729      730      731      732
    145    21006         733      734      735      736      737      738
    146    21007         739      740      741      742      743      744
    147    21008           0        0        0        0        0        0
    148    21100         745      746      747      748      749      750
    149    21101         751      752      753      754      755      756
    150    21102         757      758      759      760      761      762
    151    21103         763      764      765      766      767      768
    152    21104         769      770      771      772      773      774
    153    21105         775      776      777      778      779      780
    154    21106         781      782      783      784      785      786
    155    21107         787      788      789      790      791      792
    156    21108           0        0        0        0        0        0
    157    21200         793      794      795      796      797      798
    158    21201         799      800      801      802      803      804
    159    21202         805      806      807      808      809      810
    160    21203         811      812      813      814      815      816
    161    21204         817      818      819      820      821      822
    162    21205         823      824      825      826      827      828
    163    21206         829      830      831      832      833      834
    164    21207         835      836      837      838      839      840
    165    21208           0        0        0        0        0        0
    166    21300         841      842      843      844      845      846
    167    21301         847      848      849      850      851      852
    168    21302         853      854      855      856      857      858
    169    21303         859      860      861      862      863      864
    170    21304         865      866      867      868      869      870
    171    21305         871      872      873      874      875      876
    172    21306         877      878      879      880      881      882
    173    21307         883      884      885      886      887      888
    174    21308           0        0        0        0        0        0
    175    21400         889      890      891      892      893      894
    176    21401         895      896      897      898      899      900
    177    21402         901      902      903      904      905      906
    178    21403         907      908      909      910      911      912
    179    21404         913      914      915      916      917      918
    180    21405         919      920      921      922      923      924
    181    21406         925      926      927      928      929      930
    182    21407         931      932      933      934      935      936
    183    21408         937      938      939      940      941      942
    184    21409           0        0        0        0        0        0
    185    21410           0        0        0        0        0        0
    186    30100         943      944      945      946      947      948
    187    30101         949      950      951      952      953      954
    188    30102         955      956      957      958      959      960
    189    30103         961      962      963      964      965      966
    190    30104         967      968      969      970      971      972
    191    30105         973      974      975      976      977      978
    192    30106         979      980      981      982      983      984
    193    30107         985      986      987      988      989      990
    194    30108         991      992      993      994      995      996
    195    30109           0        0        0        0        0        0
    196    30110           0        0        0        0        0        0
    197    30200         997      998      999     1000     1001     1002
    198    30201        1003     1004     1005     1006     1007     1008
    199    30202        1009     1010     1011     1012     1013     1014
    200    30203        1015     1016     1017     1018     1019     1020
    201    30204        1021     1022     1023     1024     1025     1026
    202    30205        1027     1028     1029     1030     1031     1032
    203    30206        1033     1034     1035     1036     1037     1038
    204    30207        1039     1040     1041     1042     1043     1044
    205    30208        1045     1046     1047     1048     1049     1050
    206    30209           0        0        0        0        0        0
    207    30210           0        0        0        0        0        0
    208    30300        1051     1052     1053     1054     1055     1056
    209    30301        1057     1058     1059     1060     1061     1062
    210    30302        1063     1064     1065     1066     1067     1068
    211    30303        1069     1070     1071     1072     1073     1074
    212    30304        1075     1076     1077     1078     1079     1080
    213    30305        1081     1082     1083     1084     1085     1086
    214    30306        1087     1088     1089     1090     1091     1092
    215    30307        1093     1094     1095     1096     1097     1098
    216    30308        1099     1100     1101     1102     1103     1104
    217    30309           0        0        0        0        0        0
    218    30310           0        0        0        0        0        0
    219    30400        1105     1106     1107     1108     1109     1110
    220    30401        1111     1112     1113     1114     1115     1116
    221    30402        1117     1118     1119     1120     1121     1122
    222    30403        1123     1124     1125     1126     1127     1128
    223    30404        1129     1130     1131     1132     1133     1134
    224    30405        1135     1136     1137     1138     1139     1140
    225    30406        1141     1142     1143     1144     1145     1146
    226    30407        1147     1148     1149     1150     1151     1152
    227    30408        1153     1154     1155     1156     1157     1158
    228    30409           0        0        0        0        0        0
    229    30410           0        0        0        0        0        0
    230    40100        1159     1160     1161     1162     1163     1164
    231    40101        1165     1166     1167     1168     1169     1170
    232    40102        1171     1172     1173     1174     1175     1176
    233    40103        1177     1178     1179     1180     1181     1182
    234    40104        1183     1184     1185     1186     1187     1188
    235    40105        1189     1190     1191     1192     1193     1194
    236    40106        1195     1196     1197     1198     1199     1200
    237    40107        1201     1202     1203     1204     1205     1206
    238    40108        1207     1208     1209     1210     1211     1212
    239    40109           0        0        0        0        0        0
    240    40110           0        0        0        0        0        0
    241    40200        1213     1214     1215     1216     1217     1218
    242    40201        1219     1220     1221     1222     1223     1224
    243    40202        1225     1226     1227     1228     1229     1230
    244    40203        1231     1232     1233     1234     1235     1236
    245    40204        1237     1238     1239     1240     1241     1242
    246    40205        1243     1244     1245     1246     1247     1248
    247    40206        1249     1250     1251     1252     1253     1254
    248    40207        1255     1256     1257     1258     1259     1260
    249    40208           0        0        0        0        0        0
    250    40300        1261     1262     1263     1264     1265     1266
    251    40301        1267     1268     1269     1270     1271     1272
    252    40302        1273     1274     1275     1276     1277     1278
    253    40303        1279     1280     1281     1282     1283     1284
    254    40304        1285     1286     1287     1288     1289     1290
    255    40305        1291     1292     1293     1294     1295     1296
    256    40306        1297     1298     1299     1300     1301     1302
    257    40307        1303     1304     1305     1306     1307     1308
    258    40308           0        0        0        0        0        0
    259    40400        1309     1310     1311     1312     1313     1314
    260    40401        1315     1316     1317     1318     1319     1320
    261    40402        1321     1322     1323     1324     1325     1326
    262    40403        1327     1328     1329     1330     1331     1332
    263    40404        1333     1334     1335     1336     1337     1338
    264    40405        1339     1340     1341     1342     1343     1344
    265    40406        1345     1346     1347     1348     1349     1350
    266    40407        1351     1352     1353     1354     1355     1356
    267    40408        1357     1358     1359     1360     1361     1362
    268    40409           0        0        0        0        0        0
    269    40410           0        0        0        0        0        0
    270    40500        1363     1364     1365     1366     1367     1368
    271    40501        1369     1370     1371     1372     1373     1374
    272    40502        1375     1376     1377     1378     1379     1380
    273    40503        1381     1382     1383     1384     1385     1386
    274    40504        1387     1388     1389     1390     1391     1392
    275    40505        1393     1394     1395     1396     1397     1398
    276    40506        1399     1400     1401     1402     1403     1404
    277    40507        1405     1406     1407     1408     1409     1410
    278    40508           0        0        0        0        0        0
    279    40600        1411     1412     1413     1414     1415     1416
    280    40601        1417     1418     1419     1420     1421     1422
    281    40602        1423     1424     1425     1426     1427     1428
    282    40603        1429     1430     1431     1432     1433     1434
    283    40604        1435     1436     1437     1438     1439     1440
    284    40605        1441     1442     1443     1444     1445     1446
    285    40606        1447     1448     1449     1450     1451     1452
    286    40607        1453     1454     1455     1456     1457     1458
    287    40608           0        0        0        0        0        0
    288    40700        1459     1460     1461     1462     1463     1464
    289    40701        1465     1466     1467     1468     1469     1470
    290    40702        1471     1472     1473     1474     1475     1476
    291    40703        1477     1478     1479     1480     1481     1482
    292    40704        1483     1484     1485     1486     1487     1488
    293    40705        1489     1490     1491     1492     1493     1494
    294    40706        1495     1496     1497     1498     1499     1500
    295    40707        1501     1502     1503     1504     1505     1506
    296    40708        1507     1508     1509     1510     1511     1512
    297    40709           0        0        0        0        0        0
    298    40710           0        0        0        0        0        0
    299    40800        1513     1514     1515     1516     1517     1518
    300    40801        1519     1520     1521     1522     1523     1524
    301    40802        1525     1526     1527     1528     1529     1530
    302    40803        1531     1532     1533     1534     1535     1536
    303    40804        1537     1538     1539     1540     1541     1542
    304    40805        1543     1544     1545     1546     1547     1548
    305    40806        1549     1550     1551     1552     1553     1554
    306    40807        1555     1556     1557     1558     1559     1560
    307    40808           0        0        0        0        0        0
    308    40900        1561     1562     1563     1564     1565     1566
    309    40901        1567     1568     1569     1570     1571     1572
    310    40902        1573     1574     1575     1576     1577     1578
    311    40903        1579     1580     1581     1582     1583     1584
    312    40904        1585     1586     1587     1588     1589     1590
    313    40905        1591     1592     1593     1594     1595     1596
    314    40906        1597     1598     1599     1600     1601     1602
    315    40907        1603     1604     1605     1606     1607     1608
    316    40908           0        0        0        0        0        0
    317    41000        1609     1610     1611     1612     1613     1614
    318    41001        1615     1616     1617     1618     1619     1620
    319    41002        1621     1622     1623     1624     1625     1626
    320    41003        1627     1628     1629     1630     1631     1632
    321    41004        1633     1634     1635     1636     1637     1638
    322    41005        1639     1640     1641     1642     1643     1644
    323    41006        1645     1646     1647     1648     1649     1650
    324    41007        1651     1652     1653     1654     1655     1656
    325    41008        1657     1658     1659     1660     1661     1662
    326    41009           0        0        0        0        0        0
    327    41010           0        0        0        0        0        0
    328    41100        1663     1664     1665     1666     1667     1668
    329    41101        1669     1670     1671     1672     1673     1674
    330    41102        1675     1676     1677     1678     1679     1680
    331    41103        1681     1682     1683     1684     1685     1686
    332    41104        1687     1688     1689     1690     1691     1692
    333    41105        1693     1694     1695     1696     1697     1698
    334    41106        1699     1700     1701     1702     1703     1704
    335    41107        1705     1706     1707     1708     1709     1710
    336    41108           0        0        0        0        0        0
    337    41200        1711     1712     1713     1714     1715     1716
    338    41201        1717     1718     1719     1720     1721     1722
    339    41202        1723     1724     1725     1726     1727     1728
    340    41203        1729     1730     1731     1732     1733     1734
    341    41204        1735     1736     1737     1738     1739     1740
    342    41205        1741     1742     1743     1744     1745     1746
    343    41206        1747     1748     1749     1750     1751     1752
    344    41207        1753     1754     1755     1756     1757     1758
    345    41208           0        0        0        0        0        0
    346    41300        1759     1760     1761     1762     1763     1764
    347    41301        1765     1766     1767     1768     1769     1770
    348    41302        1771     1772     1773     1774     1775     1776
    349    41303        1777     1778     1779     1780     1781     1782
    350    41304        1783     1784     1785     1786     1787     1788
    351    41305        1789     1790     1791     1792     1793     1794
    352    41306        1795     1796     1797     1798     1799     1800
    353    41307        1801     1802     1803     1804     1805     1806
    354    41308        1807     1808     1809     1810     1811     1812
    355    41309           0        0        0        0        0        0
    356    41310           0        0        0        0        0        0
    357    41400        1813     1814     1815     1816     1817     1818
    358    41401        1819     1820     1821     1822     1823     1824
    359    41402        1825     1826     1827     1828     1829     1830
    360    41403        1831     1832     1833     1834     1835     1836
    361    41404        1837     1838     1839     1840     1841     1842
    362    41405        1843     1844     1845     1846     1847     1848
    363    41406        1849     1850     1851     1852     1853     1854
    364    41407        1855     1856     1857     1858     1859     1860
    365    41408           0        0        0        0        0        0
    366    41500        1861     1862     1863     1864     1865     1866
    367    41501        1867     1868     1869     1870     1871     1872
    368    41502        1873     1874     1875     1876     1877     1878
    369    41503        1879     1880     1881     1882     1883     1884
    370    41504        1885     1886     1887     1888     1889     1890
    371    41505        1891     1892     1893     1894     1895     1896
    372    41506        1897     1898     1899     1900     1901     1902
    373    41507        1903     1904     1905     1906     1907     1908
    374    41508           0        0        0        0        0        0
    375    50100        1909     1910     1911     1912     1913     1914
    376    50101        1915     1916     1917     1918     1919     1920
    377    50102        1921     1922     1923     1924     1925     1926
    378    50103        1927     1928     1929     1930     1931     1932
    379    50104        1933     1934     1935     1936     1937     1938
    380    50105        1939     1940     1941     1942     1943     1944
    381    50106        1945     1946     1947     1948     1949     1950
    382    50107        1951     1952     1953     1954     1955     1956
    383    50108           0        0        0        0        0        0
    384    50200        1957     1958     1959     1960     1961     1962
    385    50201        1963     1964     1965     1966     1967     1968
    386    50202        1969     1970     1971     1972     1973     1974
    387    50203        1975     1976     1977     1978     1979     1980
    388    50204        1981     1982     1983     1984     1985     1986
    389    50205        1987     1988     1989     1990     1991     1992
    390    50206        1993     1994     1995     1996     1997     1998
    391    50207        1999     2000     2001     2002     2003     2004
    392    50208           0        0        0        0        0        0
    393    50300        2005     2006     2007     2008     2009     2010
    394    50301        2011     2012     2013     2014     2015     2016
    395    50302        2017     2018     2019     2020     2021     2022
    396    50303        2023     2024     2025     2026     2027     2028
    397    50304        2029     2030     2031     2032     2033     2034
    398    50305        2035     2036     2037     2038     2039     2040
    399    50306        2041     2042     2043     2044     2045     2046
    400    50307        2047     2048     2049     2050     2051     2052
    401    50308           0        0        0        0        0        0
    402    50400        2053     2054     2055     2056     2057     2058
    403    50401        2059     2060     2061     2062     2063     2064
    404    50402        2065     2066     2067     2068     2069     2070
    405    50403        2071     2072     2073     2074     2075     2076
    406    50404        2077     2078     2079     2080     2081     2082
    407    50405        2083     2084     2085     2086     2087     2088
    408    50406        2089     2090     2091     2092     2093     2094
    409    50407        2095     2096     2097     2098     2099     2100
    410    50408           0        0        0        0        0        0
    411    50500        2101     2102     2103     2104     2105     2106
    412    50501        2107     2108     2109     2110     2111     2112
    413    50502        2113     2114     2115     2116     2117     2118
    414    50503        2119     2120     2121     2122     2123     2124
    415    50504        2125     2126     2127     2128     2129     2130
    416    50505        2131     2132     2133     2134     2135     2136
    417    50506        2137     2138     2139     2140     2141     2142
    418    50507        2143     2144     2145     2146     2147     2148
    419    50508           0        0        0        0        0        0
    420    50600        2149     2150     2151     2152     2153     2154
    421    50601        2155     2156     2157     2158     2159     2160
    422    50602        2161     2162     2163     2164     2165     2166
    423    50603        2167     2168     2169     2170     2171     2172
    424    50604        2173     2174     2175     2176     2177     2178
    425    50605        2179     2180     2181     2182     2183     2184
    426    50606        2185     2186     2187     2188     2189     2190
    427    50607        2191     2192     2193     2194     2195     2196
    428    50608           0        0        0        0        0        0
    429    50700        2197     2198     2199     2200     2201     2202
    430    50701        2203     2204     2205     2206     2207     2208
    431    50702        2209     2210     2211     2212     2213     2214
    432    50703        2215     2216     2217     2218     2219     2220
    433    50704        2221     2222     2223     2224     2225     2226
    434    50705        2227     2228     2229     2230     2231     2232
    435    50706        2233     2234     2235     2236     2237     2238
    436    50707        2239     2240     2241     2242     2243     2244
    437    50708        2245     2246     2247     2248     2249     2250
    438    50709           0        0        0        0        0        0
    439    50710           0        0        0        0        0        0
    440    50800        2251     2252     2253     2254     2255     2256
    441    50801        2257     2258     2259     2260     2261     2262
    442    50802        2263     2264     2265     2266     2267     2268
    443    50803        2269     2270     2271     2272     2273     2274
    444    50804        2275     2276     2277     2278     2279     2280
    445    50805        2281     2282     2283     2284     2285     2286
    446    50806        2287     2288     2289     2290     2291     2292
    447    50807        2293     2294     2295     2296     2297     2298
    448    50808           0        0        0        0        0        0
    449    50900        2299     2300     2301     2302     2303     2304
    450    50901        2305     2306     2307     2308     2309     2310
    451    50902        2311     2312     2313     2314     2315     2316
    452    50903        2317     2318     2319     2320     2321     2322
    453    50904        2323     2324     2325     2326     2327     2328
    454    50905        2329     2330     2331     2332     2333     2334
    455    50906        2335     2336     2337     2338     2339     2340
    456    50907        2341     2342     2343     2344     2345     2346
    457    50908           0        0        0        0        0        0
    458    51000        2347     2348     2349     2350     2351     2352
    459    51001        2353     2354     2355     2356     2357     2358
    460    51002        2359     2360     2361     2362     2363     2364
    461    51003        2365     2366     2367     2368     2369     2370
    462    51004        2371     2372     2373     2374     2375     2376
    463    51005        2377     2378     2379     2380     2381     2382
    464    51006        2383     2384     2385     2386     2387     2388
    465    51007        2389     2390     2391     2392     2393     2394
    466    51008        2395     2396     2397     2398     2399     2400
    467    51009           0        0        0        0        0        0
    468    51010           0        0        0        0        0        0
    469    51100        2401     2402     2403     2404     2405     2406
    470    51101        2407     2408     2409     2410     2411     2412
    471    51102        2413     2414     2415     2416     2417     2418
    472    51103        2419     2420     2421     2422     2423     2424
    473    51104        2425     2426     2427     2428     2429     2430
    474    51105        2431     2432     2433     2434     2435     2436
    475    51106        2437     2438     2439     2440     2441     2442
    476    51107        2443     2444     2445     2446     2447     2448
    477    51108           0        0        0        0        0        0
    478    51200        2449     2450     2451     2452     2453     2454
    479    51201        2455     2456     2457     2458     2459     2460
    480    51202        2461     2462     2463     2464     2465     2466
    481    51203        2467     2468     2469     2470     2471     2472
    482    51204        2473     2474     2475     2476     2477     2478
    483    51205        2479     2480     2481     2482     2483     2484
    484    51206        2485     2486     2487     2488     2489     2490
    485    51207        2491     2492     2493     2494     2495     2496
    486    51208           0        0        0        0        0        0
    487    51300        2497     2498     2499     2500     2501     2502
    488    51301        2503     2504     2505     2506     2507     2508
    489    51302        2509     2510     2511     2512     2513     2514
    490    51303        2515     2516     2517     2518     2519     2520
    491    51304        2521     2522     2523     2524     2525     2526
    492    51305        2527     2528     2529     2530     2531     2532
    493    51306        2533     2534     2535     2536     2537     2538
    494    51307        2539     2540     2541     2542     2543     2544
    495    51308        2545     2546     2547     2548     2549     2550
    496    51309           0        0        0        0        0        0
    497    51310           0        0        0        0        0        0
    498    51400        2551     2552     2553     2554     2555     2556
    499    51401        2557     2558     2559     2560     2561     2562
    500    51402        2563     2564     2565     2566     2567     2568
    501    51403        2569     2570     2571     2572     2573     2574
    502    51404        2575     2576     2577     2578     2579     2580
    503    51405        2581     2582     2583     2584     2585     2586
    504    51406        2587     2588     2589     2590     2591     2592
    505    51407        2593     2594     2595     2596     2597     2598
    506    51408           0        0        0        0        0        0
    507    51500        2599     2600     2601     2602     2603     2604
    508    51501        2605     2606     2607     2608     2609     2610
    509    51502        2611     2612     2613     2614     2615     2616
    510    51503        2617     2618     2619     2620     2621     2622
    511    51504        2623     2624     2625     2626     2627     2628
    512    51505        2629     2630     2631     2632     2633     2634
    513    51506        2635     2636     2637     2638     2639     2640
    514    51507        2641     2642     2643     2644     2645     2646
    515    51508           0        0        0        0        0        0
    516    51600        2647     2648     2649     2650     2651     2652
    517    51601        2653     2654     2655     2656     2657     2658
    518    51602        2659     2660     2661     2662     2663     2664
    519    51603        2665     2666     2667     2668     2669     2670
    520    51604        2671     2672     2673     2674     2675     2676
    521    51605        2677     2678     2679     2680     2681     2682
    522    51606        2683     2684     2685     2686     2687     2688
    523    51607        2689     2690     2691     2692     2693     2694
    524    51608           0        0        0        0        0        0
    525    51700        2695     2696     2697     2698     2699     2700
    526    51701        2701     2702     2703     2704     2705     2706
    527    51702        2707     2708     2709     2710     2711     2712
    528    51703        2713     2714     2715     2716     2717     2718
    529    51704        2719     2720     2721     2722     2723     2724
    530    51705        2725     2726     2727     2728     2729     2730
    531    51706        2731     2732     2733     2734     2735     2736
    532    51707        2737     2738     2739     2740     2741     2742
    533    51708           0        0        0        0        0        0
    534    51800        2743     2744     2745     2746     2747     2748
    535    51801        2749     2750     2751     2752     2753     2754
    536    51802        2755     2756     2757     2758     2759     2760
    537    51803        2761     2762     2763     2764     2765     2766
    538    51804        2767     2768     2769     2770     2771     2772
    539    51805        2773     2774     2775     2776     2777     2778
    540    51806        2779     2780     2781     2782     2783     2784
    541    51807        2785     2786     2787     2788     2789     2790
    542    51808        2791     2792     2793     2794     2795     2796
    543    51809           0        0        0        0        0        0
    544    51810           0        0        0        0        0        0


 RIGID TYPE SPRING STIFFNESS       DIMENSION UNIT :  N    , M   
 TRANSLATIONAL STIFFNESS :    3.5027829E+16
 ROTATIONAL    STIFFNESS :    3.5027829E+16


 EQUATION STATUS
 ---------------

 TOTAL NUMBER OF VALID DOFS IN MODEL ..........:    2796
 NUMBER OF EQUATIONS IN A BLOCK ...............:    2796
 NUMBER OF BLOCKS .............................:       1
 NUMBER OF INTERNAL LOADCASES .................:      12

**  MIDAS/CIVIL WINDOWS VERSION 8.9.5                                DATE DEC/ 4/2023  TIME 14:52:15
**  Modeling, Integrated Design & Analysis Software              PC WINDOWS XP/VISTA/7/8/10 VERSION 
====================================================================================================
  
  


 S E T U P   E Q U A T I O N   P R O F I L E
 ===========================================


 THE TOTAL WEIGHT OF MODEL
 -------------------------

 TOTAL WEIGHT ...........:  9.81803E+07   N   


 THE CENTER OF GRAVITY OF FINITE ELEMENT MODEL 
 ---------------------------------------------

 X-COORDINATE OF C.G ....: -1.91954E+01   M   
 Y-COORDINATE OF C.G ....:  4.64319E+00   M   
 Z-COORDINATE OF C.G ....:  1.94243E+01   M   

 STATIC ANALYSIS TIME LOG ( IN SECOND )
 --------------------------------------
 MULTI-FRONTAL SOLUTION .....................:     0.19
 DISPLACEMENT OUTPUT ........................:     0.03
 STRESS OUTPUT ..............................:     0.61
 TOTAL SOLUTION TIME (SUM OF THE ABOVE) .....:     0.83


**  MIDAS/CIVIL WINDOWS VERSION 8.9.5                                DATE DEC/ 4/2023  TIME 14:52:22
**  Modeling, Integrated Design & Analysis Software              PC WINDOWS XP/VISTA/7/8/10 VERSION 
====================================================================================================
  
  


 =========================================================
 ** O V E R A L L   T I M E   L O G   I N   S E C O N D **
 =========================================================

  - INPUT DATA READING AND GENERATION ..........:     2.36
  - FORM ELEMENT STIFFNESS MATRICES ............:     0.24
  - FORM GLOBAL LOAD VECTOR ....................:     0.01
  - FORM TOTAL STIFFNESS MATRICES ..............:     0.47
  - P-DELTA ANALYSIS ...........................:     0.00
  - STATIC ANALYSIS ............................:     0.83
  - MOVING LOAD ANALYSIS .......................:     0.00
  - SETTLEMENT ANALYSIS ........................:     0.00
  - EIGENVALUE EXTRACTION ......................:     0.00
  - RESPONSE SPECTRUM ANALYSIS .................:     0.00
  - TIME HISTORY ANALYSIS ......................:     0.00
  - PRINT DYNAMIC INFORMATION OUTPUT ...........:     5.90
  - TOTAL ELAPSED TIME .........................:     9.81
